<?xml version="1.0" encoding="UTF-8"?>
<!-- Generated by org.testng.reporters.JUnitReportReporter -->
<testsuite hostname="mattibharath" failures="0" tests="1" name="Com.nopecommerce.Registration.RegistaringAnUSer" time="7.424" errors="0" timestamp="2024-06-03T15:57:31 IST" skipped="0">
  <testcase classname="Com.nopecommerce.Registration.RegistaringAnUSer" name="regusteringAuser" time="7.424"/>
  <system-out/>
</testsuite> <!-- Com.nopecommerce.Registration.RegistaringAnUSer -->
